<?xml version="1.0" encoding="UTF-8"?>
<testsuite name="com.gsjeon.book.springboot.web.dto.HelloResponseDtoTest" tests="1" skipped="0" failures="0" errors="0" timestamp="2022-01-17T08:28:43" hostname="DESKTOP-SR7O9AJ" time="0.058">
  <properties/>
  <testcase name="롬복_기능_테스트" classname="com.gsjeon.book.springboot.web.dto.HelloResponseDtoTest" time="0.058"/>
  <system-out><![CDATA[]]></system-out>
  <system-err><![CDATA[]]></system-err>
</testsuite>
